%!Adobe-FontList 1.14
%Locale:0x409

%BeginFont
Handler:DirectoryHandler
FontType:Type1
FontName:UniversLTStd-Black
FamilyName:Univers LT Std
StyleName:75 Black
MenuName:Univers LT Std 55
StyleBits:2
WeightClass:850
WidthClass:5
AngleClass:0
FullName:Univers LT Std 75 Black
WritingScript:Roman
OutlineFileName:\UniversLTStd-Black.otf
DataFormat:sfntData
UsesStandardEncoding:yes
isCFF:yes
FileLength:34856
FileModTime:1052785120
%EndFont

%BeginFont
Handler:DirectoryHandler
FontType:Type1
FontName:AvenirLTStd-Medium
FamilyName:Avenir LT Std
StyleName:65 Medium
MenuName:Avenir LT Std 65 Medium
StyleBits:0
WeightClass:600
WidthClass:5
AngleClass:0
FullName:Avenir LT Std 65 Medium
WritingScript:Roman
OutlineFileName:\AvenirLTStd-Medium.otf
DataFormat:sfntData
UsesStandardEncoding:yes
isCFF:yes
FileLength:27264
FileModTime:1052785044
%EndFont

%BeginFont
Handler:DirectoryHandler
FontType:Type1
FontName:AvenirLTStd-Heavy
FamilyName:Avenir LT Std
StyleName:85 Heavy
MenuName:Avenir LT Std 55 Roman
StyleBits:2
WeightClass:700
WidthClass:5
AngleClass:0
FullName:Avenir LT Std 85 Heavy
WritingScript:Roman
OutlineFileName:\AvenirLTStd-Heavy.otf
DataFormat:sfntData
UsesStandardEncoding:yes
isCFF:yes
FileLength:27640
FileModTime:1052785044
%EndFont

%BeginFont
Handler:DirectoryHandler
FontType:Type1
FontName:AvenirLTStd-Light
FamilyName:Avenir LT Std
StyleName:35 Light
MenuName:Avenir LT Std 35 Light
StyleBits:0
WeightClass:300
WidthClass:5
AngleClass:0
FullName:Avenir LT Std 35 Light
WritingScript:Roman
OutlineFileName:\AvenirLTStd-Light.otf
DataFormat:sfntData
UsesStandardEncoding:yes
isCFF:yes
FileLength:27240
FileModTime:1052785044
%EndFont

%BeginFont
Handler:DirectoryHandler
FontType:Type1
FontName:MinionPro-Regular
FamilyName:Minion Pro
StyleName:Regular
MenuName:Minion Pro
StyleBits:0
WeightClass:400
WidthClass:5
AngleClass:0
FullName:Minion Pro
WritingScript:Roman
OutlineFileName:\MinionPro-Regular.otf
DataFormat:sfntData
UsesStandardEncoding:yes
isCFF:yes
FileLength:218392
FileModTime:1429647916
DesignSize:110
%EndFont

%BeginFont
Handler:DirectoryHandler
FontType:Invalid
OutlineFileName:\.zip
FileLength:270470
FileModTime:1527519643
%EndFont

%BeginFont
Handler:DirectoryHandler
FontType:Invalid
OutlineFileName:\Univers Condensed
FileModTime:1326423514
%EndFont

%BeginFont
Handler:DirectoryHandler
FontType:Type1
FontName:AvenirLTStd-Black
FamilyName:Avenir LT Std
StyleName:95 Black
MenuName:Avenir LT Std 65 Medium
StyleBits:2
WeightClass:750
WidthClass:5
AngleClass:0
FullName:Avenir LT Std 95 Black
WritingScript:Roman
OutlineFileName:\AvenirLTStd-Black.otf
DataFormat:sfntData
UsesStandardEncoding:yes
isCFF:yes
FileLength:27912
FileModTime:1052785044
%EndFont

%BeginFont
Handler:DirectoryHandler
FontType:Type1
FontName:AvenirLTStd-Roman
FamilyName:Avenir LT Std
StyleName:55 Roman
MenuName:Avenir LT Std 55 Roman
StyleBits:0
WeightClass:400
WidthClass:5
AngleClass:0
FullName:Avenir LT Std 55 Roman
WritingScript:Roman
OutlineFileName:\AvenirLTStd-Roman.otf
DataFormat:sfntData
UsesStandardEncoding:yes
isCFF:yes
FileLength:27176
FileModTime:1052785044
%EndFont

%BeginFont
Handler:DirectoryHandler
FontType:Invalid
OutlineFileName:\UniveConBol
FileModTime:1326423514
%EndFont

